

Started GET "/" for ::1 at 2015-03-03 12:11:00 -0500

ActiveRecord::NoDatabaseError (Unknown database 'address_book_development'):
  activerecord (4.2.0) lib/active_record/connection_adapters/mysql2_adapter.rb:23:in `rescue in mysql2_connection'
  activerecord (4.2.0) lib/active_record/connection_adapters/mysql2_adapter.rb:10:in `mysql2_connection'
  activerecord (4.2.0) lib/active_record/connection_adapters/abstract/connection_pool.rb:436:in `new_connection'
  activerecord (4.2.0) lib/active_record/connection_adapters/abstract/connection_pool.rb:446:in `checkout_new_connection'
  activerecord (4.2.0) lib/active_record/connection_adapters/abstract/connection_pool.rb:422:in `acquire_connection'
  activerecord (4.2.0) lib/active_record/connection_adapters/abstract/connection_pool.rb:349:in `block in checkout'
  /Users/MGCFI/.rvm/rubies/ruby-2.2.0-preview2/lib/ruby/2.2.0/monitor.rb:211:in `mon_synchronize'
  activerecord (4.2.0) lib/active_record/connection_adapters/abstract/connection_pool.rb:348:in `checkout'
  activerecord (4.2.0) lib/active_record/connection_adapters/abstract/connection_pool.rb:263:in `block in connection'
  /Users/MGCFI/.rvm/rubies/ruby-2.2.0-preview2/lib/ruby/2.2.0/monitor.rb:211:in `mon_synchronize'
  activerecord (4.2.0) lib/active_record/connection_adapters/abstract/connection_pool.rb:262:in `connection'
  activerecord (4.2.0) lib/active_record/connection_adapters/abstract/connection_pool.rb:565:in `retrieve_connection'
  activerecord (4.2.0) lib/active_record/connection_handling.rb:113:in `retrieve_connection'
  activerecord (4.2.0) lib/active_record/connection_handling.rb:87:in `connection'
  activerecord (4.2.0) lib/active_record/migration.rb:384:in `connection'
  activerecord (4.2.0) lib/active_record/migration.rb:371:in `call'
  actionpack (4.2.0) lib/action_dispatch/middleware/callbacks.rb:29:in `block in call'
  activesupport (4.2.0) lib/active_support/callbacks.rb:88:in `call'
  activesupport (4.2.0) lib/active_support/callbacks.rb:88:in `_run_callbacks'
  activesupport (4.2.0) lib/active_support/callbacks.rb:734:in `_run_call_callbacks'
  activesupport (4.2.0) lib/active_support/callbacks.rb:81:in `run_callbacks'
  actionpack (4.2.0) lib/action_dispatch/middleware/callbacks.rb:27:in `call'
  actionpack (4.2.0) lib/action_dispatch/middleware/reloader.rb:73:in `call'
  actionpack (4.2.0) lib/action_dispatch/middleware/remote_ip.rb:78:in `call'
  actionpack (4.2.0) lib/action_dispatch/middleware/debug_exceptions.rb:17:in `call'
  web-console (2.1.0) lib/web_console/middleware.rb:37:in `call'
  actionpack (4.2.0) lib/action_dispatch/middleware/show_exceptions.rb:30:in `call'
  railties (4.2.0) lib/rails/rack/logger.rb:38:in `call_app'
  railties (4.2.0) lib/rails/rack/logger.rb:20:in `block in call'
  activesupport (4.2.0) lib/active_support/tagged_logging.rb:68:in `block in tagged'
  activesupport (4.2.0) lib/active_support/tagged_logging.rb:26:in `tagged'
  activesupport (4.2.0) lib/active_support/tagged_logging.rb:68:in `tagged'
  railties (4.2.0) lib/rails/rack/logger.rb:20:in `call'
  quiet_assets (1.1.0) lib/quiet_assets.rb:27:in `call_with_quiet_assets'
  actionpack (4.2.0) lib/action_dispatch/middleware/request_id.rb:21:in `call'
  rack (1.6.0) lib/rack/methodoverride.rb:22:in `call'
  rack (1.6.0) lib/rack/runtime.rb:18:in `call'
  activesupport (4.2.0) lib/active_support/cache/strategy/local_cache_middleware.rb:28:in `call'
  rack (1.6.0) lib/rack/lock.rb:17:in `call'
  actionpack (4.2.0) lib/action_dispatch/middleware/static.rb:113:in `call'
  rack (1.6.0) lib/rack/sendfile.rb:113:in `call'
  railties (4.2.0) lib/rails/engine.rb:518:in `call'
  railties (4.2.0) lib/rails/application.rb:164:in `call'
  rack (1.6.0) lib/rack/lock.rb:17:in `call'
  rack (1.6.0) lib/rack/content_length.rb:15:in `call'
  rack (1.6.0) lib/rack/handler/webrick.rb:89:in `service'
  /Users/MGCFI/.rvm/rubies/ruby-2.2.0-preview2/lib/ruby/2.2.0/webrick/httpserver.rb:138:in `service'
  /Users/MGCFI/.rvm/rubies/ruby-2.2.0-preview2/lib/ruby/2.2.0/webrick/httpserver.rb:94:in `run'
  /Users/MGCFI/.rvm/rubies/ruby-2.2.0-preview2/lib/ruby/2.2.0/webrick/server.rb:294:in `block in start_thread'


  Rendered /Users/MGCFI/.rvm/gems/ruby-2.2.0-preview2@graymd_week9day2_angular_create_delete/gems/actionpack-4.2.0/lib/action_dispatch/middleware/templates/rescues/_source.erb (3.6ms)
  Rendered /Users/MGCFI/.rvm/gems/ruby-2.2.0-preview2@graymd_week9day2_angular_create_delete/gems/actionpack-4.2.0/lib/action_dispatch/middleware/templates/rescues/_trace.html.erb (2.1ms)
  Rendered /Users/MGCFI/.rvm/gems/ruby-2.2.0-preview2@graymd_week9day2_angular_create_delete/gems/actionpack-4.2.0/lib/action_dispatch/middleware/templates/rescues/_request_and_response.html.erb (1.0ms)
  Rendered /Users/MGCFI/.rvm/gems/ruby-2.2.0-preview2@graymd_week9day2_angular_create_delete/gems/actionpack-4.2.0/lib/action_dispatch/middleware/templates/rescues/diagnostics.html.erb within rescues/layout (540.2ms)
  Rendered /Users/MGCFI/.rvm/gems/ruby-2.2.0-preview2@graymd_week9day2_angular_create_delete/gems/web-console-2.1.0/lib/web_console/templates/_markup.html (0.4ms)
  Rendered /Users/MGCFI/.rvm/gems/ruby-2.2.0-preview2@graymd_week9day2_angular_create_delete/gems/web-console-2.1.0/lib/web_console/templates/style.css within layouts/inlined_string (0.4ms)
  Rendered /Users/MGCFI/.rvm/gems/ruby-2.2.0-preview2@graymd_week9day2_angular_create_delete/gems/web-console-2.1.0/lib/web_console/templates/_inner_console_markup.html within layouts/inlined_string (0.3ms)
  Rendered /Users/MGCFI/.rvm/gems/ruby-2.2.0-preview2@graymd_week9day2_angular_create_delete/gems/web-console-2.1.0/lib/web_console/templates/_prompt_box_markup.html within layouts/inlined_string (0.3ms)
  Rendered /Users/MGCFI/.rvm/gems/ruby-2.2.0-preview2@graymd_week9day2_angular_create_delete/gems/web-console-2.1.0/lib/web_console/templates/console.js within layouts/javascript (482.8ms)
  Rendered /Users/MGCFI/.rvm/gems/ruby-2.2.0-preview2@graymd_week9day2_angular_create_delete/gems/web-console-2.1.0/lib/web_console/templates/main.js within layouts/javascript (0.4ms)
  Rendered /Users/MGCFI/.rvm/gems/ruby-2.2.0-preview2@graymd_week9day2_angular_create_delete/gems/web-console-2.1.0/lib/web_console/templates/error_page.js within layouts/javascript (0.4ms)
  Rendered /Users/MGCFI/.rvm/gems/ruby-2.2.0-preview2@graymd_week9day2_angular_create_delete/gems/web-console-2.1.0/lib/web_console/templates/index.html (1128.7ms)
  [1m[36m (54.9ms)[0m  [1mCREATE TABLE `schema_migrations` (`version` varchar(255) NOT NULL) ENGINE=InnoDB[0m
  [1m[35m (44.5ms)[0m  CREATE UNIQUE INDEX `unique_schema_migrations`  ON `schema_migrations` (`version`) 
  [1m[36mActiveRecord::SchemaMigration Load (0.2ms)[0m  [1mSELECT `schema_migrations`.* FROM `schema_migrations`[0m


Started GET "/" for ::1 at 2015-03-03 12:11:17 -0500
Processing by Rails::WelcomeController#index as HTML
  Rendered /Users/MGCFI/.rvm/gems/ruby-2.2.0-preview2@graymd_week9day2_angular_create_delete/gems/railties-4.2.0/lib/rails/templates/rails/welcome/index.html.erb (1.5ms)
Completed 200 OK in 21ms (Views: 20.5ms | ActiveRecord: 0.0ms)


Started GET "/" for ::1 at 2015-03-03 12:11:52 -0500
Processing by Rails::WelcomeController#index as HTML
  Rendered /Users/MGCFI/.rvm/gems/ruby-2.2.0-preview2@graymd_week9day2_angular_create_delete/gems/railties-4.2.0/lib/rails/templates/rails/welcome/index.html.erb (0.0ms)
Completed 200 OK in 17ms (Views: 16.6ms | ActiveRecord: 0.0ms)


Started GET "/" for ::1 at 2015-03-03 12:11:54 -0500
Processing by Rails::WelcomeController#index as HTML
  Rendered /Users/MGCFI/.rvm/gems/ruby-2.2.0-preview2@graymd_week9day2_angular_create_delete/gems/railties-4.2.0/lib/rails/templates/rails/welcome/index.html.erb (0.1ms)
Completed 200 OK in 16ms (Views: 15.6ms | ActiveRecord: 0.0ms)


Started GET "/" for ::1 at 2015-03-03 12:12:33 -0500
Processing by WelcomeController#index as HTML
  Rendered welcome/index.html.haml within layouts/application (0.9ms)
Completed 200 OK in 254ms (Views: 254.1ms | ActiveRecord: 0.0ms)


Started GET "/" for ::1 at 2015-03-03 12:15:29 -0500
Processing by WelcomeController#index as HTML
  Rendered welcome/index.html.haml within layouts/application (0.1ms)
Completed 200 OK in 186ms (Views: 185.4ms | ActiveRecord: 0.0ms)


Started GET "/" for ::1 at 2015-03-03 12:24:06 -0500
Processing by WelcomeController#index as HTML
  Rendered welcome/index.html.haml within layouts/application (2.4ms)
Completed 200 OK in 168ms (Views: 168.2ms | ActiveRecord: 0.0ms)


Started GET "/" for ::1 at 2015-03-03 12:24:23 -0500
Processing by WelcomeController#index as HTML
  Rendered welcome/index.html.haml within layouts/application (1.2ms)
Completed 200 OK in 99ms (Views: 98.6ms | ActiveRecord: 0.0ms)


Started GET "/" for ::1 at 2015-03-03 12:24:24 -0500
Processing by WelcomeController#index as HTML
  Rendered welcome/index.html.haml within layouts/application (0.1ms)
Completed 200 OK in 87ms (Views: 87.1ms | ActiveRecord: 0.0ms)


Started GET "/" for ::1 at 2015-03-03 12:24:24 -0500
Processing by WelcomeController#index as HTML
  Rendered welcome/index.html.haml within layouts/application (0.2ms)
Completed 200 OK in 82ms (Views: 81.7ms | ActiveRecord: 0.0ms)


Started GET "/" for ::1 at 2015-03-03 12:24:25 -0500
Processing by WelcomeController#index as HTML
  Rendered welcome/index.html.haml within layouts/application (0.3ms)
Completed 200 OK in 89ms (Views: 89.0ms | ActiveRecord: 0.0ms)


Started GET "/" for ::1 at 2015-03-03 12:25:29 -0500
Processing by WelcomeController#index as HTML
  Rendered welcome/index.html.haml within layouts/application (2.9ms)
Completed 200 OK in 172ms (Views: 171.4ms | ActiveRecord: 0.0ms)


Started GET "/" for ::1 at 2015-03-03 12:25:40 -0500
Processing by WelcomeController#index as HTML
  Rendered welcome/index.html.haml within layouts/application (0.5ms)
Completed 200 OK in 129ms (Views: 128.4ms | ActiveRecord: 0.0ms)
  [1m[36mActiveRecord::SchemaMigration Load (0.2ms)[0m  [1mSELECT `schema_migrations`.* FROM `schema_migrations`[0m
Migrating to CreateContacts (20150303172834)
  [1m[35m (52.0ms)[0m  CREATE TABLE `contacts` (`id` int(11) auto_increment PRIMARY KEY, `first_name` varchar(255), `last_name` varchar(255), `email` varchar(255), `phone_number` varchar(255), `created_at` datetime NOT NULL, `updated_at` datetime NOT NULL) ENGINE=InnoDB
  [1m[36m (6.1ms)[0m  [1mBEGIN[0m
  [1m[35mSQL (27.3ms)[0m  INSERT INTO `schema_migrations` (`version`) VALUES ('20150303172834')
  [1m[36m (0.3ms)[0m  [1mCOMMIT[0m
  [1m[35mActiveRecord::SchemaMigration Load (0.2ms)[0m  SELECT `schema_migrations`.* FROM `schema_migrations`
  [1m[36m (33.0ms)[0m  [1mSELECT fk.referenced_table_name as 'to_table'
      ,fk.referenced_column_name as 'primary_key'
      ,fk.column_name as 'column'
      ,fk.constraint_name as 'name'
FROM information_schema.key_column_usage fk
WHERE fk.referenced_column_name is not null
  AND fk.table_schema = 'address_book_development'
  AND fk.table_name = 'contacts'
[0m
  [1m[35m (0.2ms)[0m  SHOW CREATE TABLE `contacts`


Started GET "/" for ::1 at 2015-03-03 12:33:45 -0500
  [1m[36mActiveRecord::SchemaMigration Load (0.3ms)[0m  [1mSELECT `schema_migrations`.* FROM `schema_migrations`[0m
Processing by WelcomeController#index as HTML
  Rendered welcome/index.html.haml within layouts/application (0.2ms)
Completed 200 OK in 286ms (Views: 286.1ms | ActiveRecord: 0.0ms)
  [1m[36m (0.2ms)[0m  [1mBEGIN[0m
  [1m[35mSQL (0.3ms)[0m  INSERT INTO `contacts` (`first_name`, `created_at`, `updated_at`) VALUES ('kitter', '2015-03-03 17:40:17.063176', '2015-03-03 17:40:17.063176')
  [1m[36m (6.2ms)[0m  [1mCOMMIT[0m
  [1m[35mContact Load (0.4ms)[0m  SELECT `contacts`.* FROM `contacts`
